Warning at line 650.
The set "VGA" is not initialized (default values are used).
Warning at line 4 in user-defined function section "SolucionModeloRuteo".
The rows "DECP(NPE-01,NOP-02,Veh Gra,t-1)" and "DECP(NPE-02,NOP-02,Veh Gra,t-1)" are equal in the generated mathematical program "MinimizarCostos".  This may lead to non-unique shadow prices.  For more information regarding potential causes and consequences, see the help associated with the option "Warning_duplicate_row".
Warning at line 4 in user-defined function section "SolucionModeloRuteo".
The rows "DECP(NPE-01,NOP-02,Veh Peq,t-1)" and "DECP(NPE-02,NOP-02,Veh Peq,t-1)" are equal in the generated mathematical program "MinimizarCostos".  This may lead to non-unique shadow prices.  For more information regarding potential causes and consequences, see the help associated with the option "Warning_duplicate_row".
Warning at line 4 in user-defined function section "SolucionModeloRuteo".
The rows "BAVO(NPE-01,NOP-02,Diesel,comp1-peq,t-1)" and "BAVO(NPE-02,NOP-02,Diesel,comp1-peq,t-1)" are equal in the generated mathematical program "MinimizarCostos".  This may lead to non-unique shadow prices.  For more information regarding potential causes and consequences, see the help associated with the option "Warning_duplicate_row".
Warning at line 4 in user-defined function section "SolucionModeloRuteo".
The rows "BAVO(NPE-01,NOP-02,Diesel,comp2-peq,t-1)" and "BAVO(NPE-02,NOP-02,Diesel,comp2-peq,t-1)" are equal in the generated mathematical program "MinimizarCostos".  This may lead to non-unique shadow prices.  For more information regarding potential causes and consequences, see the help associated with the option "Warning_duplicate_row".
Warning at line 4 in user-defined function section "SolucionModeloRuteo".
The rows "BAVO(NPE-01,NOP-02,Diesel,comp3-gra,t-1)" and "BAVO(NPE-02,NOP-02,Diesel,comp3-gra,t-1)" are equal in the generated mathematical program "MinimizarCostos".  This may lead to non-unique shadow prices.  For more information regarding potential causes and consequences, see the help associated with the option "Warning_duplicate_row".
Warning at line 4 in user-defined function section "SolucionModeloRuteo".
The rows "BAVO(NPE-01,NOP-02,Diesel,comp4-gra,t-1)" and "BAVO(NPE-02,NOP-02,Diesel,comp4-gra,t-1)" are equal in the generated mathematical program "MinimizarCostos".  This may lead to non-unique shadow prices.  For more information regarding potential causes and consequences, see the help associated with the option "Warning_duplicate_row".
Warning at line 4 in user-defined function section "SolucionModeloRuteo".
The rows "BAVO(NPE-01,NOP-02,Corriente,comp1-peq,t-1)" and "BAVO(NPE-02,NOP-02,Corriente,comp1-peq,t-1)" are equal in the generated mathematical program "MinimizarCostos".  This may lead to non-unique shadow prices.  For more information regarding potential causes and consequences, see the help associated with the option "Warning_duplicate_row".
Warning at line 4 in user-defined function section "SolucionModeloRuteo".
The rows "BAVO(NPE-01,NOP-02,Corriente,comp2-peq,t-1)" and "BAVO(NPE-02,NOP-02,Corriente,comp2-peq,t-1)" are equal in the generated mathematical program "MinimizarCostos".  This may lead to non-unique shadow prices.  For more information regarding potential causes and consequences, see the help associated with the option "Warning_duplicate_row".
Warning at line 4 in user-defined function section "SolucionModeloRuteo".
The rows "BAVO(NPE-01,NOP-02,Corriente,comp3-gra,t-1)" and "BAVO(NPE-02,NOP-02,Corriente,comp3-gra,t-1)" are equal in the generated mathematical program "MinimizarCostos".  This may lead to non-unique shadow prices.  For more information regarding potential causes and consequences, see the help associated with the option "Warning_duplicate_row".
Warning at line 4 in user-defined function section "SolucionModeloRuteo".
The rows "BAVO(NPE-01,NOP-02,Corriente,comp4-gra,t-1)" and "BAVO(NPE-02,NOP-02,Corriente,comp4-gra,t-1)" are equal in the generated mathematical program "MinimizarCostos".  This may lead to non-unique shadow prices.  For more information regarding potential causes and consequences, see the help associated with the option "Warning_duplicate_row".
Warning at line 4 in user-defined function section "SolucionModeloRuteo".
After zero iterations CPLEX 12.6 concluded that an integer solution to MinimizarCostos does not exist.
